2017-07-24 17:57:26.933  INFO 8392 --- [main] com.llahn.LlahnApplication               : Starting LlahnApplication on LLI102 with PID 8392 (C:\Li_Lei\HPE\Bboss\balance\workspace\llahn-admin\target\classes started by lli10 in C:\Li_Lei\HPE\Bboss\balance\workspace\llahn-admin)
2017-07-24 17:57:26.958  INFO 8392 --- [main] com.llahn.LlahnApplication               : The following profiles are active: dev
2017-07-24 17:57:27.134  INFO 8392 --- [main] ationConfigEmbeddedWebApplicationContext : Refreshing org.springframework.boot.context.embedded.AnnotationConfigEmbeddedWebApplicationContext@14008db3: startup date [Mon Jul 24 17:57:27 CST 2017]; root of context hierarchy
2017-07-24 17:57:33.363  INFO 8392 --- [main] trationDelegate$BeanPostProcessorChecker : Bean 'org.springframework.transaction.annotation.ProxyTransactionManagementConfiguration' of type [org.springframework.transaction.annotation.ProxyTransactionManagementConfiguration$$EnhancerBySpringCGLIB$$6644fe6d] is not eligible for getting processed by all BeanPostProcessors (for example: not eligible for auto-proxying)
2017-07-24 17:57:35.831  INFO 8392 --- [main] s.b.c.e.t.TomcatEmbeddedServletContainer : Tomcat initialized with port(s): 9901 (http)
2017-07-24 17:57:35.917  INFO 8392 --- [main] o.apache.catalina.core.StandardService   : Starting service Tomcat
2017-07-24 17:57:35.921  INFO 8392 --- [main] org.apache.catalina.core.StandardEngine  : Starting Servlet Engine: Apache Tomcat/8.5.14
2017-07-24 17:57:37.105  INFO 8392 --- [localhost-startStop-1] o.a.c.c.C.[Tomcat].[localhost].[/]       : Initializing Spring embedded WebApplicationContext
2017-07-24 17:57:37.108  INFO 8392 --- [localhost-startStop-1] o.s.web.context.ContextLoader            : Root WebApplicationContext: initialization completed in 9981 ms
2017-07-24 17:57:37.939  INFO 8392 --- [localhost-startStop-1] o.s.b.w.servlet.ServletRegistrationBean  : Mapping servlet: 'dispatcherServlet' to [/]
2017-07-24 17:57:37.956  INFO 8392 --- [localhost-startStop-1] o.s.b.w.servlet.FilterRegistrationBean   : Mapping filter: 'characterEncodingFilter' to: [/*]
2017-07-24 17:57:37.958  INFO 8392 --- [localhost-startStop-1] o.s.b.w.servlet.FilterRegistrationBean   : Mapping filter: 'hiddenHttpMethodFilter' to: [/*]
2017-07-24 17:57:37.960  INFO 8392 --- [localhost-startStop-1] o.s.b.w.servlet.FilterRegistrationBean   : Mapping filter: 'httpPutFormContentFilter' to: [/*]
2017-07-24 17:57:37.960  INFO 8392 --- [localhost-startStop-1] o.s.b.w.servlet.FilterRegistrationBean   : Mapping filter: 'requestContextFilter' to: [/*]
2017-07-24 17:57:39.847  INFO 8392 --- [main] com.alibaba.druid.pool.DruidDataSource   : {dataSource-1} inited
2017-07-24 17:57:42.045  INFO 8392 --- [main] s.w.s.m.m.a.RequestMappingHandlerAdapter : Looking for @ControllerAdvice: org.springframework.boot.context.embedded.AnnotationConfigEmbeddedWebApplicationContext@14008db3: startup date [Mon Jul 24 17:57:27 CST 2017]; root of context hierarchy
2017-07-24 17:57:42.338  INFO 8392 --- [main] s.w.s.m.m.a.RequestMappingHandlerMapping : Mapped "{[/],methods=[GET]}" onto public java.lang.String com.llahn.admin.controller.LoginController.index(org.springframework.ui.Model)
2017-07-24 17:57:42.347  INFO 8392 --- [main] s.w.s.m.m.a.RequestMappingHandlerMapping : Mapped "{[/error]}" onto public org.springframework.http.ResponseEntity<java.util.Map<java.lang.String, java.lang.Object>> org.springframework.boot.autoconfigure.web.BasicErrorController.error(javax.servlet.http.HttpServletRequest)
2017-07-24 17:57:42.350  INFO 8392 --- [main] s.w.s.m.m.a.RequestMappingHandlerMapping : Mapped "{[/error],produces=[text/html]}" onto public org.springframework.web.servlet.ModelAndView org.springframework.boot.autoconfigure.web.BasicErrorController.errorHtml(javax.servlet.http.HttpServletRequest,javax.servlet.http.HttpServletResponse)
2017-07-24 17:57:42.515  INFO 8392 --- [main] o.s.w.s.handler.SimpleUrlHandlerMapping  : Mapped URL path [/webjars/**] onto handler of type [class org.springframework.web.servlet.resource.ResourceHttpRequestHandler]
2017-07-24 17:57:42.517  INFO 8392 --- [main] o.s.w.s.handler.SimpleUrlHandlerMapping  : Mapped URL path [/static/**] onto handler of type [class org.springframework.web.servlet.resource.ResourceHttpRequestHandler]
2017-07-24 17:57:42.716  INFO 8392 --- [main] o.s.w.s.handler.SimpleUrlHandlerMapping  : Mapped URL path [/**/favicon.ico] onto handler of type [class org.springframework.web.servlet.resource.ResourceHttpRequestHandler]
2017-07-24 17:57:44.181  INFO 8392 --- [main] o.s.j.e.a.AnnotationMBeanExporter        : Registering beans for JMX exposure on startup
2017-07-24 17:57:44.186  INFO 8392 --- [main] o.s.j.e.a.AnnotationMBeanExporter        : Bean with name 'dataSource' has been autodetected for JMX exposure
2017-07-24 17:57:44.201  INFO 8392 --- [main] o.s.j.e.a.AnnotationMBeanExporter        : Located MBean 'dataSource': registering with JMX server as MBean [com.alibaba.druid.pool:name=dataSource,type=DruidDataSource]
2017-07-24 17:57:44.441  INFO 8392 --- [main] s.b.c.e.t.TomcatEmbeddedServletContainer : Tomcat started on port(s): 9901 (http)
2017-07-24 17:57:44.461  INFO 8392 --- [main] com.llahn.LlahnApplication               : Started LlahnApplication in 19.014 seconds (JVM running for 24.296)
2017-07-24 17:57:44.462  INFO 8392 --- [main] com.llahn.LlahnApplication               : GunsApplication is sussess!
2017-07-24 17:58:12.945  INFO 8392 --- [http-nio-9901-exec-1] o.a.c.c.C.[Tomcat].[localhost].[/]       : Initializing Spring FrameworkServlet 'dispatcherServlet'
2017-07-24 17:58:12.946  INFO 8392 --- [http-nio-9901-exec-1] o.s.web.servlet.DispatcherServlet        : FrameworkServlet 'dispatcherServlet': initialization started
2017-07-24 17:58:13.051  INFO 8392 --- [http-nio-9901-exec-1] o.s.web.servlet.DispatcherServlet        : FrameworkServlet 'dispatcherServlet': initialization completed in 104 ms
